[debug] [2023-03-26T21:30:49.963Z] ----------------------------------------------------------------------
[debug] [2023-03-26T21:30:49.965Z] Command:       C:\Program Files\nodejs\node.exe C:\Users\User\AppData\Roaming\npm\node_modules\firebase-tools\lib\bin\firebase.js init
[debug] [2023-03-26T21:30:49.966Z] CLI Version:   11.25.1
[debug] [2023-03-26T21:30:49.966Z] Platform:      win32
[debug] [2023-03-26T21:30:49.966Z] Node Version:  v19.8.1
[debug] [2023-03-26T21:30:49.966Z] Time:          Mon Mar 27 2023 03:30:49 GMT+0600 (Bangladesh Standard Time)
[debug] [2023-03-26T21:30:49.966Z] ----------------------------------------------------------------------
[debug] 
[debug] [2023-03-26T21:30:49.969Z] >>> [apiv2][query] GET https://firebase-public.firebaseio.com/cli.json [none]
[debug] [2023-03-26T21:30:50.075Z] > command requires scopes: ["email","openid","https://www.googleapis.com/auth/cloudplatformprojects.readonly","https://www.googleapis.com/auth/firebase","https://www.googleapis.com/auth/cloud-platform"]
[debug] [2023-03-26T21:30:50.075Z] > authorizing via signed-in user (19101008@uap-bd.edu)
[info] 
     ######## #### ########  ######## ########     ###     ######  ########
     ##        ##  ##     ## ##       ##     ##  ##   ##  ##       ##
     ######    ##  ########  ######   ########  #########  ######  ######
     ##        ##  ##    ##  ##       ##     ## ##     ##       ## ##
     ##       #### ##     ## ######## ########  ##     ##  ######  ########

You're about to initialize a Firebase project in this directory:

  C:\Users\User

Before we get started, keep in mind:

  * You are initializing within an existing Firebase project directory

[debug] [2023-03-26T21:30:50.763Z] <<< [apiv2][status] GET https://firebase-public.firebaseio.com/cli.json 200
[debug] [2023-03-26T21:30:50.764Z] <<< [apiv2][body] GET https://firebase-public.firebaseio.com/cli.json {"cloudBuildErrorAfter":1594252800000,"cloudBuildWarnAfter":1590019200000,"defaultNode10After":1594252800000,"minVersion":"3.0.5","node8DeploysDisabledAfter":1613390400000,"node8RuntimeDisabledAfter":1615809600000,"node8WarnAfter":1600128000000}
[info] 
=== Project Setup
[info] 
[info] First, let's associate this project directory with a Firebase project.
[info] You can create multiple project aliases by running firebase use --add, 
[info] but for now we'll just set up a default project.
[info] 
[debug] [2023-03-26T21:31:08.945Z] Using project from CLI flag: ecommerceapp-f7c88
[debug] [2023-03-26T21:31:08.949Z] > refreshing access token with scopes: []
[debug] [2023-03-26T21:31:08.953Z] >>> [apiv2][query] POST https://www.googleapis.com/oauth2/v3/token [none]
[debug] [2023-03-26T21:31:08.953Z] >>> [apiv2][body] POST https://www.googleapis.com/oauth2/v3/token [omitted]
[debug] [2023-03-26T21:31:09.243Z] <<< [apiv2][status] POST https://www.googleapis.com/oauth2/v3/token 200
[debug] [2023-03-26T21:31:09.244Z] <<< [apiv2][body] POST https://www.googleapis.com/oauth2/v3/token [omitted]
[debug] [2023-03-26T21:31:09.265Z] >>> [apiv2][query] GET https://firebase.googleapis.com/v1beta1/projects/ecommerceapp-f7c88 [none]
[debug] [2023-03-26T21:31:10.062Z] <<< [apiv2][status] GET https://firebase.googleapis.com/v1beta1/projects/ecommerceapp-f7c88 200
[debug] [2023-03-26T21:31:10.063Z] <<< [apiv2][body] GET https://firebase.googleapis.com/v1beta1/projects/ecommerceapp-f7c88 {"projectId":"ecommerceapp-f7c88","projectNumber":"155053083414","displayName":"ecommerceApp","name":"projects/ecommerceapp-f7c88","resources":{"hostingSite":"ecommerceapp-f7c88"},"state":"ACTIVE","etag":"1_eb86d88b-9d7e-4279-b7db-75eab3e9fd50"}
[info] i  Using project ecommerceapp-f7c88 (ecommerceApp) 
[info] 
=== Hosting Setup
[info] 
[info] Your public directory is the folder (relative to your project directory) that
[info] will contain Hosting assets to be uploaded with firebase deploy. If you
[info] have a build process for your assets, use your build's output directory.
[info] 
